<?xml version="1.0" encoding="UTF-8"?>
<!-- Generated by org.testng.reporters.JUnitReportReporter -->
<testsuite hostname="Radhagobinda" failures="0" tests="1" name="testscripts.tc00" time="160.904" errors="0" timestamp="2024-11-17T08:58:11 IST" skipped="0">
  <testcase classname="testscripts.tc00" name="tc00" time="160.904">
    <system-out>
      <![CDATA[Home | Mynaukri]]>
    </system-out>
  </testcase> <!-- tc00 -->
  <system-out>
    <![CDATA[Home | Mynaukri]]>
  </system-out>
</testsuite> <!-- testscripts.tc00 -->
