<?xml version="1.0" encoding="UTF-8"?>
<!-- Generated by org.testng.reporters.JUnitReportReporter -->
<testsuite hostname="Radhagobinda" failures="0" tests="1" name="testscripts.tc01" time="97.995" errors="0" timestamp="2024-08-18T11:20:09 IST" skipped="0">
  <testcase classname="testscripts.tc01" name="tc01" time="97.995">
    <system-out>
      <![CDATA[Profile | Mynaukri]]>
    </system-out>
  </testcase> <!-- tc01 -->
  <system-out>
    <![CDATA[Profile | Mynaukri]]>
  </system-out>
</testsuite> <!-- testscripts.tc01 -->
