<?xml version="1.0" encoding="UTF-8"?>
<!-- Generated by org.testng.reporters.JUnitReportReporter -->
<testsuite hostname="Radhagobinda" failures="0" tests="1" name="testscripts.tc00" time="177.153" errors="0" timestamp="2025-04-17T08:07:45 IST" skipped="0">
  <testcase classname="testscripts.tc00" name="tc00" time="177.153">
    <system-out>
      <![CDATA[Home | Mynaukri]]>
    </system-out>
  </testcase> <!-- tc00 -->
  <system-out>
    <![CDATA[Home | Mynaukri
Profile | Mynaukri]]>
  </system-out>
</testsuite> <!-- testscripts.tc00 -->
